1676605388737|0|statement|connection 88|url jdbc:h2:mem:toy|     drop table if exists lost_item CASCADE |     drop table if exists lost_item CASCADE 
1676605388738|0|statement|connection 88|url jdbc:h2:mem:toy|     drop table if exists member CASCADE |     drop table if exists member CASCADE 
1676605388739|0|statement|connection 88|url jdbc:h2:mem:toy|     drop table if exists post CASCADE |     drop table if exists post CASCADE 
1676605912746|0|statement|connection 97|url jdbc:h2:mem:toy|     drop table if exists comment CASCADE |     drop table if exists comment CASCADE 
1676605912747|0|statement|connection 97|url jdbc:h2:mem:toy|     drop table if exists lost_item CASCADE |     drop table if exists lost_item CASCADE 
1676605912747|0|statement|connection 97|url jdbc:h2:mem:toy|     drop table if exists member CASCADE |     drop table if exists member CASCADE 
1676605912748|0|statement|connection 97|url jdbc:h2:mem:toy|     drop table if exists post CASCADE |     drop table if exists post CASCADE 
1676605912748|0|statement|connection 97|url jdbc:h2:mem:toy|     drop table if exists post_user_lost_item CASCADE |     drop table if exists post_user_lost_item CASCADE 
1676605966874|0|statement|connection 97|url jdbc:h2:mem:toy|     drop table if exists comment CASCADE |     drop table if exists comment CASCADE 
1676605966875|0|statement|connection 97|url jdbc:h2:mem:toy|     drop table if exists lost_item CASCADE |     drop table if exists lost_item CASCADE 
1676605966875|0|statement|connection 97|url jdbc:h2:mem:toy|     drop table if exists member CASCADE |     drop table if exists member CASCADE 
1676605966875|0|statement|connection 97|url jdbc:h2:mem:toy|     drop table if exists post CASCADE |     drop table if exists post CASCADE 
1676605966876|0|statement|connection 97|url jdbc:h2:mem:toy|     drop table if exists post_user_lost_item CASCADE |     drop table if exists post_user_lost_item CASCADE 
1676606015083|0|statement|connection 96|url jdbc:h2:mem:toy|     drop table if exists comment CASCADE |     drop table if exists comment CASCADE 
1676606015089|0|statement|connection 96|url jdbc:h2:mem:toy|     drop table if exists lost_item CASCADE |     drop table if exists lost_item CASCADE 
1676606015090|0|statement|connection 96|url jdbc:h2:mem:toy|     drop table if exists member CASCADE |     drop table if exists member CASCADE 
1676606015090|0|statement|connection 96|url jdbc:h2:mem:toy|     drop table if exists post CASCADE |     drop table if exists post CASCADE 
1676606015090|0|statement|connection 96|url jdbc:h2:mem:toy|     drop table if exists post_user_lost_item CASCADE |     drop table if exists post_user_lost_item CASCADE 
1676619845925|0|statement|connection 96|url jdbc:h2:mem:toy|     drop table if exists comment CASCADE |     drop table if exists comment CASCADE 
1676619845926|0|statement|connection 96|url jdbc:h2:mem:toy|     drop table if exists lost_item CASCADE |     drop table if exists lost_item CASCADE 
1676619845928|0|statement|connection 96|url jdbc:h2:mem:toy|     drop table if exists member CASCADE |     drop table if exists member CASCADE 
1676619845928|0|statement|connection 96|url jdbc:h2:mem:toy|     drop table if exists post CASCADE |     drop table if exists post CASCADE 
1676619845928|0|statement|connection 96|url jdbc:h2:mem:toy|     drop table if exists post_user_lost_item CASCADE |     drop table if exists post_user_lost_item CASCADE 
